yitouhang/build/outputs/logs/manifest-merger-release-report.txt
-- Merging decision tree log ---
manifest
ADDED from src\main\AndroidManifest.xml:2:1-509:12
	xmlns:android
		ADDED from src\main\AndroidManifest.xml:2:11-69
	package
		ADDED from src\main\AndroidManifest.xml:3:5-37
		INJECTED from src\main\AndroidManifest.xml
		INJECTED from src\main\AndroidManifest.xml
	android:versionName
		ADDED from src\main\AndroidManifest.xml:5:5-30
		INJECTED from src\main\AndroidManifest.xml
		INJECTED from src\main\AndroidManifest.xml
	android:versionCode
		ADDED from src\main\AndroidManifest.xml:4:5-28
		INJECTED from src\main\AndroidManifest.xml
		INJECTED from src\main\AndroidManifest.xml
uses-sdk
ADDED from src\main\AndroidManifest.xml:7:5-9:41
MERGED from [com.android.support:appcompat-v7:19.1.0] AndroidManifest.xml:18:5-42
MERGED from [MyApplication:Udesk_Separate_UI:unspecified] AndroidManifest.xml:7:5-9:41
MERGED from [MyApplication:social_sdk_library_project:unspecified] AndroidManifest.xml:7:5-9:41
	android:targetSdkVersion
		ADDED from src\main\AndroidManifest.xml:9:9-38
		INJECTED from src\main\AndroidManifest.xml
		INJECTED from src\main\AndroidManifest.xml
	android:minSdkVersion
		ADDED from src\main\AndroidManifest.xml:8:9-35
		INJECTED from src\main\AndroidManifest.xml
		INJECTED from src\main\AndroidManifest.xml
uses-permission#android.permission.INTERNET
ADDED from src\main\AndroidManifest.xml:11:5-67
MERGED from [MyApplication:Udesk_Separate_UI:unspecified] AndroidManifest.xml:12:5-67
	android:name
		ADDED from src\main\AndroidManifest.xml:11:22-64
uses-permission#android.permission.WRITE_EXTERNAL_STORAGE
ADDED from src\main\AndroidManifest.xml:12:5-81
MERGED from [MyApplication:Udesk_Separate_UI:unspecified] AndroidManifest.xml:15:5-81
	android:name
		ADDED from src\main\AndroidManifest.xml:12:22-78
uses-permission#android.permission.VIBRATE
ADDED from src\main\AndroidManifest.xml:13:5-66
	android:name
		ADDED from src\main\AndroidManifest.xml:13:22-63
uses-permission#android.permission.READ_PHONE_STATE
ADDED from src\main\AndroidManifest.xml:14:5-75
MERGED from [MyApplication:Udesk_Separate_UI:unspecified] AndroidManifest.xml:13:5-75
	android:name
		ADDED from src\main\AndroidManifest.xml:14:22-72
uses-permission#android.permission.READ_EXTERNAL_STORAGE
ADDED from src\main\AndroidManifest.xml:15:5-80
MERGED from [MyApplication:Udesk_Separate_UI:unspecified] AndroidManifest.xml:17:5-80
	android:name
		ADDED from src\main\AndroidManifest.xml:15:22-77
uses-permission#android.permission.RECEIVE_BOOT_COMPLETED
ADDED from src\main\AndroidManifest.xml:16:5-80
	android:name
		ADDED from src\main\AndroidManifest.xml:16:22-78
permission#com.gongshidai.mistGSD.permission.JPUSH_MESSAGE
ADDED from src\main\AndroidManifest.xml:19:5-21:47
	android:protectionLevel
		ADDED from src\main\AndroidManifest.xml:21:9-44
	android:name
		ADDED from src\main\AndroidManifest.xml:20:9-71
uses-permission#com.gongshidai.mistGSD.permission.JPUSH_MESSAGE
ADDED from src\main\AndroidManifest.xml:24:5-87
	android:name
		ADDED from src\main\AndroidManifest.xml:24:22-84
uses-permission#android.permission.RECEIVE_USER_PRESENT
ADDED from src\main\AndroidManifest.xml:25:5-79
	android:name
		ADDED from src\main\AndroidManifest.xml:25:22-76
uses-permission#android.permission.WAKE_LOCK
ADDED from src\main\AndroidManifest.xml:27:5-68
	android:name
		ADDED from src\main\AndroidManifest.xml:27:22-65
uses-permission#android.permission.MOUNT_UNMOUNT_FILESYSTEMS
ADDED from src\main\AndroidManifest.xml:32:5-84
	android:name
		ADDED from src\main\AndroidManifest.xml:32:22-81
uses-permission#android.permission.ACCESS_NETWORK_STATE
ADDED from src\main\AndroidManifest.xml:33:5-79
MERGED from [MyApplication:Udesk_Separate_UI:unspecified] AndroidManifest.xml:14:5-79
	android:name
		ADDED from src\main\AndroidManifest.xml:33:22-76
uses-permission#android.permission.WRITE_SETTINGS
ADDED from src\main\AndroidManifest.xml:34:5-73
	android:name
		ADDED from src\main\AndroidManifest.xml:34:22-70
uses-permission#android.permission.ACCESS_COARSE_LOCATION
ADDED from src\main\AndroidManifest.xml:37:5-81
	android:name
		ADDED from src\main\AndroidManifest.xml:37:22-78
uses-permission#android.permission.ACCESS_WIFI_STATE
ADDED from src\main\AndroidManifest.xml:38:5-76
MERGED from [MyApplication:Udesk_Separate_UI:unspecified] AndroidManifest.xml:11:5-76
	android:name
		ADDED from src\main\AndroidManifest.xml:38:22-73
uses-permission#android.permission.CHANGE_WIFI_STATE
ADDED from src\main\AndroidManifest.xml:39:5-76
	android:name
		ADDED from src\main\AndroidManifest.xml:39:22-73
uses-permission#android.permission.ACCESS_FINE_LOCATION
ADDED from src\main\AndroidManifest.xml:40:5-79
	android:name
		ADDED from src\main\AndroidManifest.xml:40:22-76
uses-permission#android.permission.ACCESS_LOCATION_EXTRA_COMMANDS
ADDED from src\main\AndroidManifest.xml:41:5-89
	android:name
		ADDED from src\main\AndroidManifest.xml:41:22-86
uses-permission#android.permission.CHANGE_NETWORK_STATE
ADDED from src\main\AndroidManifest.xml:42:5-79
	android:name
		ADDED from src\main\AndroidManifest.xml:42:22-76
uses-permission#android.permission.CALL_PHONE
ADDED from src\main\AndroidManifest.xml:45:5-68
	android:name
		ADDED from src\main\AndroidManifest.xml:45:22-66
application
ADDED from src\main\AndroidManifest.xml:56:5-507:19
MERGED from [com.android.support:appcompat-v7:19.1.0] AndroidManifest.xml:19:5-20
MERGED from [MyApplication:Udesk_Separate_UI:unspecified] AndroidManifest.xml:19:5-53:19
MERGED from [MyApplication:social_sdk_library_project:unspecified] AndroidManifest.xml:11:5-12:19
	android:label
		ADDED from src\main\AndroidManifest.xml:60:9-41
	android:allowBackup
		ADDED from src\main\AndroidManifest.xml:58:9-35
	android:icon
		ADDED from src\main\AndroidManifest.xml:59:9-47
	android:theme
		ADDED from src\main\AndroidManifest.xml:61:9-40
	android:name
		ADDED from src\main\AndroidManifest.xml:57:9-64
activity#com.laxiong.Activity.PatternViewActivity
ADDED from src\main\AndroidManifest.xml:62:9-64:57
	android:label
		ADDED from src\main\AndroidManifest.xml:64:13-45
	android:name
		ADDED from src\main\AndroidManifest.xml:63:13-68
activity#com.laxiong.Activity.WXEntryActivity
ADDED from src\main\AndroidManifest.xml:65:9-70:75
	android:screenOrientation
		ADDED from src\main\AndroidManifest.xml:69:13-49
	android:configChanges
		ADDED from src\main\AndroidManifest.xml:67:13-74
	android:theme
		ADDED from src\main\AndroidManifest.xml:70:13-72
	android:exported
		ADDED from src\main\AndroidManifest.xml:68:13-36
	android:name
		ADDED from src\main\AndroidManifest.xml:66:13-64
activity#com.yintong.secure.activity.BaseActivity
ADDED from src\main\AndroidManifest.xml:72:9-77:67
	android:windowSoftInputMode
		ADDED from src\main\AndroidManifest.xml:77:13-55
	android:screenOrientation
		ADDED from src\main\AndroidManifest.xml:75:13-49
	android:configChanges
		ADDED from src\main\AndroidManifest.xml:74:13-63
	android:theme
		ADDED from src\main\AndroidManifest.xml:76:13-72
	android:name
		ADDED from src\main\AndroidManifest.xml:73:13-68
service#com.yintong.secure.service.PayService
ADDED from src\main\AndroidManifest.xml:79:9-81
	android:name
		ADDED from src\main\AndroidManifest.xml:79:18-70
activity#com.laxiong.Activity.BaseActivity
ADDED from src\main\AndroidManifest.xml:83:9-84:46
	android:name
		ADDED from src\main\AndroidManifest.xml:83:19-67
	android:launchMode
		ADDED from src\main\AndroidManifest.xml:84:13-44
activity#com.laxiong.Activity.CalanderCountActivity
ADDED from src\main\AndroidManifest.xml:87:9-88:46
	android:name
		ADDED from src\main\AndroidManifest.xml:87:19-76
	android:launchMode
		ADDED from src\main\AndroidManifest.xml:88:13-44
activity#com.laxiong.Activity.CalanderHorizontalActivity
ADDED from src\main\AndroidManifest.xml:89:9-90:46
	android:name
		ADDED from src\main\AndroidManifest.xml:89:19-81
	android:launchMode
		ADDED from src\main\AndroidManifest.xml:90:13-44
activity#com.laxiong.Activity.BillCalendarActivity
ADDED from src\main\AndroidManifest.xml:91:9-77
	android:name
		ADDED from src\main\AndroidManifest.xml:91:19-75
activity#com.laxiong.Activity.DarkThemeActivity
ADDED from src\main\AndroidManifest.xml:92:9-93:25
	android:name
		ADDED from src\main\AndroidManifest.xml:92:19-72
activity#com.laxiong.Activity.ShowVIPActivity
ADDED from src\main\AndroidManifest.xml:96:9-97:46
	android:name
		ADDED from src\main\AndroidManifest.xml:96:19-70
	android:launchMode
		ADDED from src\main\AndroidManifest.xml:97:13-44
activity#com.laxiong.Activity.CountSettingActivity
ADDED from src\main\AndroidManifest.xml:100:9-101:46
	android:name
		ADDED from src\main\AndroidManifest.xml:100:19-75
	android:launchMode
		ADDED from src\main\AndroidManifest.xml:101:13-44
activity#com.laxiong.Activity.PersonalSettingActivity
ADDED from src\main\AndroidManifest.xml:104:9-106:47
	android:name
		ADDED from src\main\AndroidManifest.xml:105:13-72
	android:launchMode
		ADDED from src\main\AndroidManifest.xml:106:13-44
activity#com.laxiong.Activity.PswdConturalActivity
ADDED from src\main\AndroidManifest.xml:109:9-110:46
	android:name
		ADDED from src\main\AndroidManifest.xml:109:19-75
	android:launchMode
		ADDED from src\main\AndroidManifest.xml:110:13-44
activity#com.laxiong.Activity.NameSettingActivity
ADDED from src\main\AndroidManifest.xml:111:9-112:46
	android:name
		ADDED from src\main\AndroidManifest.xml:111:19-74
	android:launchMode
		ADDED from src\main\AndroidManifest.xml:112:13-44
activity#com.laxiong.Activity.AddressSettingActivity
ADDED from src\main\AndroidManifest.xml:113:9-114:46
	android:name
		ADDED from src\main\AndroidManifest.xml:113:19-77
	android:launchMode
		ADDED from src\main\AndroidManifest.xml:114:13-44
activity#com.laxiong.Activity.TrueNameActivity1
ADDED from src\main\AndroidManifest.xml:117:9-118:14
	android:name
		ADDED from src\main\AndroidManifest.xml:117:19-72
activity#com.laxiong.Activity.TrueNameActivity2
ADDED from src\main\AndroidManifest.xml:119:9-120:15
	android:name
		ADDED from src\main\AndroidManifest.xml:119:19-72
activity#com.laxiong.Activity.TrueNameActivity3
ADDED from src\main\AndroidManifest.xml:121:9-122:14
	android:name
		ADDED from src\main\AndroidManifest.xml:121:19-72
activity#com.laxiong.Activity.ChangeBindPhoneActivity1
ADDED from src\main\AndroidManifest.xml:125:9-126:46
	android:name
		ADDED from src\main\AndroidManifest.xml:125:19-79
	android:launchMode
		ADDED from src\main\AndroidManifest.xml:126:13-44
activity#com.laxiong.Activity.ChangeBindPhoneActivity2
ADDED from src\main\AndroidManifest.xml:127:9-128:46
	android:name
		ADDED from src\main\AndroidManifest.xml:127:19-79
	android:launchMode
		ADDED from src\main\AndroidManifest.xml:128:13-44
activity#com.laxiong.Activity.ChangeLoginPswdActivity
ADDED from src\main\AndroidManifest.xml:129:9-130:46
	android:name
		ADDED from src\main\AndroidManifest.xml:129:19-78
	android:launchMode
		ADDED from src\main\AndroidManifest.xml:130:13-44
activity#com.laxiong.Activity.MyBandBankCardActivity
ADDED from src\main\AndroidManifest.xml:133:9-134:45
	android:name
		ADDED from src\main\AndroidManifest.xml:133:19-77
	android:launchMode
		ADDED from src\main\AndroidManifest.xml:134:13-43
activity#com.laxiong.Activity.RecordDetailActivity
ADDED from src\main\AndroidManifest.xml:136:9-137:46
	android:name
		ADDED from src\main\AndroidManifest.xml:136:19-75
	android:launchMode
		ADDED from src\main\AndroidManifest.xml:137:13-44
activity#com.laxiong.Activity.TransferOutResultActivity
ADDED from src\main\AndroidManifest.xml:140:9-82
	android:name
		ADDED from src\main\AndroidManifest.xml:140:19-80
activity#com.laxiong.Activity.RegistActivity
ADDED from src\main\AndroidManifest.xml:144:9-145:46
	android:name
		ADDED from src\main\AndroidManifest.xml:144:19-69
	android:launchMode
		ADDED from src\main\AndroidManifest.xml:145:13-44
activity#com.laxiong.Activity.LoginActivity
ADDED from src\main\AndroidManifest.xml:148:9-149:46
	android:name
		ADDED from src\main\AndroidManifest.xml:148:19-68
	android:launchMode
		ADDED from src\main\AndroidManifest.xml:149:13-44
activity#com.laxiong.Activity.FoundPswdActivity
ADDED from src\main\AndroidManifest.xml:152:9-153:46
	android:name
		ADDED from src\main\AndroidManifest.xml:152:19-72
	android:launchMode
		ADDED from src\main\AndroidManifest.xml:153:13-44
activity#com.laxiong.Activity.ChangeCountActivity
ADDED from src\main\AndroidManifest.xml:156:9-157:46
	android:name
		ADDED from src\main\AndroidManifest.xml:156:19-74
	android:launchMode
		ADDED from src\main\AndroidManifest.xml:157:13-44
activity#com.laxiong.Activity.TimeXiTongActivity
ADDED from src\main\AndroidManifest.xml:160:9-161:46
	android:name
		ADDED from src\main\AndroidManifest.xml:160:19-73
	android:launchMode
		ADDED from src\main\AndroidManifest.xml:161:13-44
activity#com.laxiong.Activity.MessageActivity
ADDED from src\main\AndroidManifest.xml:162:9-163:46
	android:name
		ADDED from src\main\AndroidManifest.xml:162:19-70
	android:launchMode
		ADDED from src\main\AndroidManifest.xml:163:13-44
activity#com.laxiong.Activity.GuXiBaoActivity
ADDED from src\main\AndroidManifest.xml:167:9-168:46
	android:name
		ADDED from src\main\AndroidManifest.xml:167:19-70
	android:launchMode
		ADDED from src\main\AndroidManifest.xml:168:13-44
activity#com.laxiong.Activity.FeedBackActivity
ADDED from src\main\AndroidManifest.xml:170:9-171:46
	android:name
		ADDED from src\main\AndroidManifest.xml:170:19-71
	android:launchMode
		ADDED from src\main\AndroidManifest.xml:171:13-44
activity#com.laxiong.Activity.AssetActivity
ADDED from src\main\AndroidManifest.xml:174:9-175:46
	android:name
		ADDED from src\main\AndroidManifest.xml:174:19-68
	android:launchMode
		ADDED from src\main\AndroidManifest.xml:175:13-44
activity#com.laxiong.Activity.AvailableBalanceActivity
ADDED from src\main\AndroidManifest.xml:178:9-179:46
	android:name
		ADDED from src\main\AndroidManifest.xml:178:19-79
	android:launchMode
		ADDED from src\main\AndroidManifest.xml:179:13-44
activity#com.laxiong.Activity.EarningsSayActivity
ADDED from src\main\AndroidManifest.xml:180:9-181:46
	android:name
		ADDED from src\main\AndroidManifest.xml:180:19-74
	android:launchMode
		ADDED from src\main\AndroidManifest.xml:181:13-44
activity#com.laxiong.Activity.WithdrawCashDetailsActivity
ADDED from src\main\AndroidManifest.xml:182:9-183:46
	android:name
		ADDED from src\main\AndroidManifest.xml:182:19-82
	android:launchMode
		ADDED from src\main\AndroidManifest.xml:183:13-44
activity#com.laxiong.Activity.WithdrawCashActivity
ADDED from src\main\AndroidManifest.xml:186:9-187:46
	android:name
		ADDED from src\main\AndroidManifest.xml:186:19-75
	android:launchMode
		ADDED from src\main\AndroidManifest.xml:187:13-44
activity#com.laxiong.Activity.WithdrawCashNoticeActivity
ADDED from src\main\AndroidManifest.xml:188:9-189:46
	android:name
		ADDED from src\main\AndroidManifest.xml:188:19-81
	android:launchMode
		ADDED from src\main\AndroidManifest.xml:189:13-44
activity#com.laxiong.Activity.MainActivity
ADDED from src\main\AndroidManifest.xml:192:9-194:46
	android:screenOrientation
		ADDED from src\main\AndroidManifest.xml:193:13-49
	android:name
		ADDED from src\main\AndroidManifest.xml:192:19-67
	android:launchMode
		ADDED from src\main\AndroidManifest.xml:194:13-44
activity#com.laxiong.Activity.ModifyGestureActivity
ADDED from src\main\AndroidManifest.xml:197:9-198:46
	android:name
		ADDED from src\main\AndroidManifest.xml:197:19-76
	android:launchMode
		ADDED from src\main\AndroidManifest.xml:198:13-44
activity#com.laxiong.Activity.TransferInActivity
ADDED from src\main\AndroidManifest.xml:201:9-202:46
	android:name
		ADDED from src\main\AndroidManifest.xml:201:19-73
	android:launchMode
		ADDED from src\main\AndroidManifest.xml:202:13-44
activity#com.laxiong.Activity.TransferInResultActivity
ADDED from src\main\AndroidManifest.xml:204:9-205:46
	android:name
		ADDED from src\main\AndroidManifest.xml:204:19-79
	android:launchMode
		ADDED from src\main\AndroidManifest.xml:205:13-44
activity#com.laxiong.Activity.TransferOutActivity
ADDED from src\main\AndroidManifest.xml:207:9-208:46
	android:name
		ADDED from src\main\AndroidManifest.xml:207:19-74
	android:launchMode
		ADDED from src\main\AndroidManifest.xml:208:13-44
activity#com.laxiong.Activity.WebViewActivity
ADDED from src\main\AndroidManifest.xml:211:9-212:46
	android:name
		ADDED from src\main\AndroidManifest.xml:211:19-70
	android:launchMode
		ADDED from src\main\AndroidManifest.xml:212:13-44
activity#com.laxiong.Activity.BuyingActivity
ADDED from src\main\AndroidManifest.xml:213:9-215:15
	android:name
		ADDED from src\main\AndroidManifest.xml:213:19-69
	android:launchMode
		ADDED from src\main\AndroidManifest.xml:214:13-44
activity#com.laxiong.Activity.BuyingResultActivity
ADDED from src\main\AndroidManifest.xml:216:9-217:46
	android:name
		ADDED from src\main\AndroidManifest.xml:216:19-75
	android:launchMode
		ADDED from src\main\AndroidManifest.xml:217:13-44
activity#com.laxiong.Activity.RechargeActivity
ADDED from src\main\AndroidManifest.xml:220:9-221:46
	android:name
		ADDED from src\main\AndroidManifest.xml:220:19-71
	android:launchMode
		ADDED from src\main\AndroidManifest.xml:221:13-44
activity#com.laxiong.Activity.WelCenterActivity
ADDED from src\main\AndroidManifest.xml:223:9-224:13
	android:name
		ADDED from src\main\AndroidManifest.xml:223:19-72
activity#com.laxiong.Activity.RpExplainActivity
ADDED from src\main\AndroidManifest.xml:226:9-227:46
	android:name
		ADDED from src\main\AndroidManifest.xml:226:19-72
	android:launchMode
		ADDED from src\main\AndroidManifest.xml:227:13-44
activity#com.laxiong.Activity.ExChangeActivity
ADDED from src\main\AndroidManifest.xml:229:9-230:46
	android:name
		ADDED from src\main\AndroidManifest.xml:229:19-71
	android:launchMode
		ADDED from src\main\AndroidManifest.xml:230:13-44
activity#com.laxiong.Activity.MyYiBiActivity
ADDED from src\main\AndroidManifest.xml:232:9-233:46
	android:name
		ADDED from src\main\AndroidManifest.xml:232:19-69
	android:launchMode
		ADDED from src\main\AndroidManifest.xml:233:13-44
activity#com.laxiong.Activity.TMallActivity
ADDED from src\main\AndroidManifest.xml:235:9-236:46
	android:name
		ADDED from src\main\AndroidManifest.xml:235:19-68
	android:launchMode
		ADDED from src\main\AndroidManifest.xml:236:13-44
activity#com.laxiong.Activity.VersionManageActivity
ADDED from src\main\AndroidManifest.xml:239:9-242:25
	android:name
		ADDED from src\main\AndroidManifest.xml:240:13-70
	android:launchMode
		ADDED from src\main\AndroidManifest.xml:241:13-44
activity#com.laxiong.Activity.RechargeResultActivity
ADDED from src\main\AndroidManifest.xml:250:9-251:46
	android:name
		ADDED from src\main\AndroidManifest.xml:250:19-77
	android:launchMode
		ADDED from src\main\AndroidManifest.xml:251:13-44
activity#com.laxiong.Activity.InvestmentRecordActivity
ADDED from src\main\AndroidManifest.xml:254:9-255:46
	android:name
		ADDED from src\main\AndroidManifest.xml:254:19-79
	android:launchMode
		ADDED from src\main\AndroidManifest.xml:255:13-44
activity#com.laxiong.Activity.ResetPayPwdActivity
ADDED from src\main\AndroidManifest.xml:256:9-257:46
	android:name
		ADDED from src\main\AndroidManifest.xml:256:19-74
	android:launchMode
		ADDED from src\main\AndroidManifest.xml:257:13-44
activity#com.laxiong.Activity.ChangePayPwdActivity
ADDED from src\main\AndroidManifest.xml:258:9-259:46
	android:name
		ADDED from src\main\AndroidManifest.xml:258:19-75
	android:launchMode
		ADDED from src\main\AndroidManifest.xml:259:13-44
activity#com.laxiong.Activity.BankListActivity
ADDED from src\main\AndroidManifest.xml:260:9-261:46
	android:name
		ADDED from src\main\AndroidManifest.xml:260:19-71
	android:launchMode
		ADDED from src\main\AndroidManifest.xml:261:13-44
activity#com.laxiong.Activity.MyOrderActivity
ADDED from src\main\AndroidManifest.xml:262:9-263:46
	android:name
		ADDED from src\main\AndroidManifest.xml:262:19-70
	android:launchMode
		ADDED from src\main\AndroidManifest.xml:263:13-44
meta-data#UMENG_APPKEY
ADDED from src\main\AndroidManifest.xml:266:9-268:55
	android:name
		ADDED from src\main\AndroidManifest.xml:267:13-40
	android:value
		ADDED from src\main\AndroidManifest.xml:268:13-53
activity#com.laxiong.Activity.YibiDetailActivity
ADDED from src\main\AndroidManifest.xml:270:9-271:46
	android:name
		ADDED from src\main\AndroidManifest.xml:270:19-73
	android:launchMode
		ADDED from src\main\AndroidManifest.xml:271:13-44
activity#com.laxiong.Activity.GuideActivity
ADDED from src\main\AndroidManifest.xml:272:9-273:46
	android:name
		ADDED from src\main\AndroidManifest.xml:272:19-68
	android:launchMode
		ADDED from src\main\AndroidManifest.xml:273:13-44
activity#com.laxiong.Activity.SplashActivity
ADDED from src\main\AndroidManifest.xml:277:9-292:20
	android:name
		ADDED from src\main\AndroidManifest.xml:277:19-69
intent-filter#android.intent.action.MAIN+android.intent.category.LAUNCHER
ADDED from src\main\AndroidManifest.xml:279:13-282:29
action#android.intent.action.MAIN
ADDED from src\main\AndroidManifest.xml:280:17-69
	android:name
		ADDED from src\main\AndroidManifest.xml:280:25-66
category#android.intent.category.LAUNCHER
ADDED from src\main\AndroidManifest.xml:281:17-77
	android:name
		ADDED from src\main\AndroidManifest.xml:281:27-74
intent-filter#android.intent.action.VIEW+android.intent.category.BROWSABLE+android.intent.category.DEFAULT
ADDED from src\main\AndroidManifest.xml:285:13-290:29
action#android.intent.action.VIEW
ADDED from src\main\AndroidManifest.xml:286:17-68
	android:name
		ADDED from src\main\AndroidManifest.xml:286:25-66
category#android.intent.category.DEFAULT
ADDED from src\main\AndroidManifest.xml:287:17-76
	android:name
		ADDED from src\main\AndroidManifest.xml:287:27-73
category#android.intent.category.BROWSABLE
ADDED from src\main\AndroidManifest.xml:288:17-78
	android:name
		ADDED from src\main\AndroidManifest.xml:288:27-75
data
ADDED from src\main\AndroidManifest.xml:289:17-50
	android:scheme
		ADDED from src\main\AndroidManifest.xml:289:23-48
activity#com.laxiong.Activity.AtHallActivity
ADDED from src\main\AndroidManifest.xml:293:9-294:46
	android:name
		ADDED from src\main\AndroidManifest.xml:293:19-69
	android:launchMode
		ADDED from src\main\AndroidManifest.xml:294:13-44
activity#com.laxiong.Activity.Profit_Activity
ADDED from src\main\AndroidManifest.xml:295:9-296:46
	android:name
		ADDED from src\main\AndroidManifest.xml:295:19-70
	android:launchMode
		ADDED from src\main\AndroidManifest.xml:296:13-44
activity#com.laxiong.Activity.RmDetailActivity
ADDED from src\main\AndroidManifest.xml:297:9-298:56
	android:name
		ADDED from src\main\AndroidManifest.xml:297:19-71
	android:launchMode
		ADDED from src\main\AndroidManifest.xml:298:13-44
activity#cn.jpush.android.ui.PushActivity
ADDED from src\main\AndroidManifest.xml:302:9-313:20
	android:configChanges
		ADDED from src\main\AndroidManifest.xml:304:13-63
	android:theme
		ADDED from src\main\AndroidManifest.xml:306:13-60
	android:exported
		ADDED from src\main\AndroidManifest.xml:305:13-37
	android:name
		ADDED from src\main\AndroidManifest.xml:303:13-60
intent-filter#${applicationId}+android.intent.category.DEFAULT+cn.jpush.android.ui.PushActivity
ADDED from src\main\AndroidManifest.xml:307:13-312:29
action#cn.jpush.android.ui.PushActivity
ADDED from src\main\AndroidManifest.xml:308:17-75
	android:name
		ADDED from src\main\AndroidManifest.xml:308:25-72
category#${applicationId}
ADDED from src\main\AndroidManifest.xml:311:17-61
	android:name
		ADDED from src\main\AndroidManifest.xml:311:27-58
		INJECTED from src\main\AndroidManifest.xml
		INJECTED from src\main\AndroidManifest.xml
		INJECTED from src\main\AndroidManifest.xml
		INJECTED from src\main\AndroidManifest.xml
service#cn.jpush.android.service.DownloadService
ADDED from src\main\AndroidManifest.xml:316:9-319:48
	android:exported
		ADDED from src\main\AndroidManifest.xml:319:13-37
	android:enabled
		ADDED from src\main\AndroidManifest.xml:318:13-35
	android:name
		ADDED from src\main\AndroidManifest.xml:317:13-68
service#cn.jpush.android.service.PushService
ADDED from src\main\AndroidManifest.xml:324:9-334:19
	android:exported
		ADDED from src\main\AndroidManifest.xml:327:13-37
	android:enabled
		ADDED from src\main\AndroidManifest.xml:326:13-35
	android:name
		ADDED from src\main\AndroidManifest.xml:325:13-64
intent-filter#cn.jpush.android.intent.PUSH_TIME+cn.jpush.android.intent.PushService+cn.jpush.android.intent.REGISTER+cn.jpush.android.intent.REPORT
ADDED from src\main\AndroidManifest.xml:328:13-333:29
action#cn.jpush.android.intent.REGISTER
ADDED from src\main\AndroidManifest.xml:329:17-75
	android:name
		ADDED from src\main\AndroidManifest.xml:329:25-72
action#cn.jpush.android.intent.REPORT
ADDED from src\main\AndroidManifest.xml:330:17-73
	android:name
		ADDED from src\main\AndroidManifest.xml:330:25-70
action#cn.jpush.android.intent.PushService
ADDED from src\main\AndroidManifest.xml:331:17-78
	android:name
		ADDED from src\main\AndroidManifest.xml:331:25-75
action#cn.jpush.android.intent.PUSH_TIME
ADDED from src\main\AndroidManifest.xml:332:17-76
	android:name
		ADDED from src\main\AndroidManifest.xml:332:25-73
service#cn.jpush.android.service.DaemonService
ADDED from src\main\AndroidManifest.xml:337:9-345:19
	android:exported
		ADDED from src\main\AndroidManifest.xml:340:13-36
	android:enabled
		ADDED from src\main\AndroidManifest.xml:339:13-35
	android:name
		ADDED from src\main\AndroidManifest.xml:338:13-66
intent-filter#${applicationId}+cn.jpush.android.intent.DaemonService
ADDED from src\main\AndroidManifest.xml:341:13-344:29
action#cn.jpush.android.intent.DaemonService
ADDED from src\main\AndroidManifest.xml:342:17-80
	android:name
		ADDED from src\main\AndroidManifest.xml:342:25-77
receiver#cn.jpush.android.service.PushReceiver
ADDED from src\main\AndroidManifest.xml:348:9-368:20
	android:exported
		ADDED from src\main\AndroidManifest.xml:351:13-37
	android:enabled
		ADDED from src\main\AndroidManifest.xml:350:13-35
	android:name
		ADDED from src\main\AndroidManifest.xml:349:13-65
intent-filter#${applicationId}+cn.jpush.android.intent.NOTIFICATION_RECEIVED_PROXY
ADDED from src\main\AndroidManifest.xml:352:13-356:29
	android:priority
		ADDED from src\main\AndroidManifest.xml:352:28-51
action#cn.jpush.android.intent.NOTIFICATION_RECEIVED_PROXY
ADDED from src\main\AndroidManifest.xml:353:17-94
	android:name
		ADDED from src\main\AndroidManifest.xml:353:25-91
intent-filter#android.intent.action.USER_PRESENT+android.net.conn.CONNECTIVITY_CHANGE
ADDED from src\main\AndroidManifest.xml:357:13-360:29
action#android.intent.action.USER_PRESENT
ADDED from src\main\AndroidManifest.xml:358:17-77
	android:name
		ADDED from src\main\AndroidManifest.xml:358:25-74
action#android.net.conn.CONNECTIVITY_CHANGE
ADDED from src\main\AndroidManifest.xml:359:17-79
	android:name
		ADDED from src\main\AndroidManifest.xml:359:25-76
intent-filter#android.intent.action.PACKAGE_ADDED+android.intent.action.PACKAGE_REMOVED
ADDED from src\main\AndroidManifest.xml:362:13-367:29
action#android.intent.action.PACKAGE_ADDED
ADDED from src\main\AndroidManifest.xml:363:17-78
	android:name
		ADDED from src\main\AndroidManifest.xml:363:25-75
action#android.intent.action.PACKAGE_REMOVED
ADDED from src\main\AndroidManifest.xml:364:17-80
	android:name
		ADDED from src\main\AndroidManifest.xml:364:25-77
receiver#cn.jpush.android.service.AlarmReceiver
ADDED from src\main\AndroidManifest.xml:371:9-75
	android:name
		ADDED from src\main\AndroidManifest.xml:371:19-72
receiver#com.laxiong.Receiver.PushCustomReceiver
ADDED from src\main\AndroidManifest.xml:374:9-392:20
	android:enabled
		ADDED from src\main\AndroidManifest.xml:376:13-35
	android:name
		ADDED from src\main\AndroidManifest.xml:375:13-67
intent-filter#${applicationId}+cn.jpush.android.intent.ACTION_RICHPUSH_CALLBACK+cn.jpush.android.intent.CONNECTION+cn.jpush.android.intent.MESSAGE_RECEIVED+cn.jpush.android.intent.NOTIFICATION_OPENED+cn.jpush.android.intent.NOTIFICATION_RECEIVED+cn.jpush.android.intent.REGISTRATION
ADDED from src\main\AndroidManifest.xml:377:13-391:29
action#cn.jpush.android.intent.REGISTRATION
ADDED from src\main\AndroidManifest.xml:378:17-79
	android:name
		ADDED from src\main\AndroidManifest.xml:378:25-76
action#cn.jpush.android.intent.MESSAGE_RECEIVED
ADDED from src\main\AndroidManifest.xml:380:17-83
	android:name
		ADDED from src\main\AndroidManifest.xml:380:25-80
action#cn.jpush.android.intent.NOTIFICATION_RECEIVED
ADDED from src\main\AndroidManifest.xml:382:17-88
	android:name
		ADDED from src\main\AndroidManifest.xml:382:25-85
action#cn.jpush.android.intent.NOTIFICATION_OPENED
ADDED from src\main\AndroidManifest.xml:384:17-86
	android:name
		ADDED from src\main\AndroidManifest.xml:384:25-83
action#cn.jpush.android.intent.ACTION_RICHPUSH_CALLBACK
ADDED from src\main\AndroidManifest.xml:386:17-91
	android:name
		ADDED from src\main\AndroidManifest.xml:386:25-88
action#cn.jpush.android.intent.CONNECTION
ADDED from src\main\AndroidManifest.xml:388:17-77
	android:name
		ADDED from src\main\AndroidManifest.xml:388:25-74
meta-data#JPUSH_CHANNEL
ADDED from src\main\AndroidManifest.xml:395:9-397:49
	android:name
		ADDED from src\main\AndroidManifest.xml:396:13-41
	android:value
		ADDED from src\main\AndroidManifest.xml:397:13-46
meta-data#JPUSH_APPKEY
ADDED from src\main\AndroidManifest.xml:398:9-400:56
	android:name
		ADDED from src\main\AndroidManifest.xml:399:13-40
	android:value
		ADDED from src\main\AndroidManifest.xml:400:13-53
receiver#com.laxiong.Receiver.BroadBootReceiver
ADDED from src\main\AndroidManifest.xml:402:9-406:20
	android:name
		ADDED from src\main\AndroidManifest.xml:402:19-72
intent-filter#android.intent.action.BOOT_COMPLETED
ADDED from src\main\AndroidManifest.xml:403:13-405:25
action#android.intent.action.BOOT_COMPLETED
ADDED from src\main\AndroidManifest.xml:404:13-82
	android:name
		ADDED from src\main\AndroidManifest.xml:404:21-72
service#com.laxiong.service.DownService